<?xml version="1.0" encoding="UTF-8"?>
<testng-results skipped="0" failed="0" ignored="0" total="3" passed="3">
  <reporter-output>
  </reporter-output>
  <suite name="OpenWeatherMapTestSuite" duration-ms="43184" started-at="2018-02-07T16:44:42Z" finished-at="2018-02-07T16:45:25Z">
    <groups>
    </groups>
    <test name="WeatherComparisonTest" duration-ms="43184" started-at="2018-02-07T16:44:42Z" finished-at="2018-02-07T16:45:25Z">
      <class name="tests.WeatherTest">
        <test-method status="PASS" signature="setUp()[pri:0, instance:tests.WeatherTest@eec5a4a]" name="setUp" is-config="true" duration-ms="529" started-at="2018-02-07T11:44:42Z" finished-at="2018-02-07T11:44:42Z">
          <reporter-output>
          </reporter-output>
        </test-method> <!-- setUp -->
        <test-method status="PASS" signature="globalSetup()[pri:0, instance:tests.WeatherTest@eec5a4a]" name="globalSetup" is-config="true" duration-ms="475" started-at="2018-02-07T11:44:42Z" finished-at="2018-02-07T11:44:43Z">
          <reporter-output>
          </reporter-output>
        </test-method> <!-- globalSetup -->
        <test-method status="PASS" signature="localSetUp()[pri:0, instance:tests.WeatherTest@eec5a4a]" name="localSetUp" is-config="true" duration-ms="5102" started-at="2018-02-07T11:44:53Z" finished-at="2018-02-07T11:44:59Z">
          <reporter-output>
          </reporter-output>
        </test-method> <!-- localSetUp -->
        <test-method status="PASS" signature="WeatherTests(objects.TestInput)[pri:0, instance:tests.WeatherTest@eec5a4a]" name="WeatherTests" duration-ms="10208" started-at="2018-02-07T11:44:59Z" data-provider="WeatherTests" finished-at="2018-02-07T11:45:09Z">
          <params>
            <param index="0">
              <value>
                <![CDATA[objects.TestInput@6767f8aa]]>
              </value>
            </param>
          </params>
          <reporter-output>
          </reporter-output>
        </test-method> <!-- WeatherTests -->
        <test-method status="PASS" signature="localTearDown()[pri:0, instance:tests.WeatherTest@eec5a4a]" name="localTearDown" is-config="true" duration-ms="140" started-at="2018-02-07T11:45:09Z" finished-at="2018-02-07T11:45:09Z">
          <reporter-output>
          </reporter-output>
        </test-method> <!-- localTearDown -->
        <test-method status="PASS" signature="localSetUp()[pri:0, instance:tests.WeatherTest@eec5a4a]" name="localSetUp" is-config="true" duration-ms="4014" started-at="2018-02-07T11:45:09Z" finished-at="2018-02-07T11:45:13Z">
          <reporter-output>
          </reporter-output>
        </test-method> <!-- localSetUp -->
        <test-method status="PASS" signature="WeatherTests(objects.TestInput)[pri:0, instance:tests.WeatherTest@eec5a4a]" name="WeatherTests" duration-ms="8196" started-at="2018-02-07T11:45:13Z" data-provider="WeatherTests" finished-at="2018-02-07T11:45:21Z">
          <params>
            <param index="0">
              <value>
                <![CDATA[objects.TestInput@67216f17]]>
              </value>
            </param>
          </params>
          <reporter-output>
          </reporter-output>
        </test-method> <!-- WeatherTests -->
        <test-method status="PASS" signature="localTearDown()[pri:0, instance:tests.WeatherTest@eec5a4a]" name="localTearDown" is-config="true" duration-ms="116" started-at="2018-02-07T11:45:21Z" finished-at="2018-02-07T11:45:21Z">
          <reporter-output>
          </reporter-output>
        </test-method> <!-- localTearDown -->
        <test-method status="PASS" signature="localSetUp()[pri:0, instance:tests.WeatherTest@eec5a4a]" name="localSetUp" is-config="true" duration-ms="3877" started-at="2018-02-07T11:45:21Z" finished-at="2018-02-07T11:45:25Z">
          <reporter-output>
          </reporter-output>
        </test-method> <!-- localSetUp -->
        <test-method status="PASS" signature="WeatherTests(objects.TestInput)[pri:0, instance:tests.WeatherTest@eec5a4a]" name="WeatherTests" duration-ms="19" started-at="2018-02-07T11:45:25Z" data-provider="WeatherTests" finished-at="2018-02-07T11:45:25Z">
          <params>
            <param index="0">
              <value>
                <![CDATA[objects.TestInput@315a2c4b]]>
              </value>
            </param>
          </params>
          <reporter-output>
          </reporter-output>
        </test-method> <!-- WeatherTests -->
        <test-method status="PASS" signature="localTearDown()[pri:0, instance:tests.WeatherTest@eec5a4a]" name="localTearDown" is-config="true" duration-ms="117" started-at="2018-02-07T11:45:25Z" finished-at="2018-02-07T11:45:25Z">
          <reporter-output>
          </reporter-output>
        </test-method> <!-- localTearDown -->
        <test-method status="PASS" signature="tearDown()[pri:0, instance:tests.WeatherTest@eec5a4a]" name="tearDown" is-config="true" duration-ms="362" started-at="2018-02-07T11:45:25Z" finished-at="2018-02-07T11:45:26Z">
          <reporter-output>
          </reporter-output>
        </test-method> <!-- tearDown -->
      </class> <!-- tests.WeatherTest -->
    </test> <!-- WeatherComparisonTest -->
  </suite> <!-- OpenWeatherMapTestSuite -->
</testng-results>
