<?xml version="1.0" encoding="UTF-8"?>
<!-- Generated by org.testng.reporters.JUnitXMLReporter -->
<testsuite hostname="ga69mlp0001e6" ignored="0" name="Default test" tests="3" failures="0" timestamp="07 Feb 2018 14:56:54 GMT" time="45.944" errors="0">
  <testcase name="WeatherTests" time="11.931" classname="tests.WeatherTest"/>
  <testcase name="WeatherTests" time="8.856" classname="tests.WeatherTest"/>
  <testcase name="WeatherTests" time="0.001" classname="tests.WeatherTest"/>
</testsuite> <!-- Default test -->
