<?xml version="1.0" encoding="UTF-8"?>
<!-- Generated by org.testng.reporters.JUnitXMLReporter -->
<testsuite hostname="ArchanaP.local" ignored="0" name="WeatherComparisonTest" tests="3" failures="0" timestamp="07 Feb 2018 16:45:25 GMT" time="43.184" errors="0">
  <testcase name="WeatherTests" time="10.208" classname="tests.WeatherTest"/>
  <testcase name="WeatherTests" time="8.196" classname="tests.WeatherTest"/>
  <testcase name="WeatherTests" time="0.019" classname="tests.WeatherTest"/>
</testsuite> <!-- WeatherComparisonTest -->
